build/app/outputs/mapping/release/seeds.txt
io.flutter.embedding.engine.FlutterJNI: void updateCustomAccessibilityActions(java.nio.ByteBuffer,java.lang.String[])
androidx.lifecycle.Lifecycle$Event: androidx.lifecycle.Lifecycle$Event ON_STOP
io.flutter.embedding.engine.FlutterJNI: void onDisplayOverlaySurface(int,int,int,int,int)
androidx.core.graphics.drawable.IconCompatParcelizer: void write(androidx.core.graphics.drawable.IconCompat,androidx.versionedparcelable.VersionedParcel)
io.flutter.plugin.platform.SingleViewPresentation: int viewId
io.flutter.embedding.engine.FlutterJNI: void loadLibrary()
io.flutter.embedding.engine.FlutterJNI: boolean initCalled
androidx.core.app.RemoteActionCompatParcelizer: androidx.core.app.RemoteActionCompat read(androidx.versionedparcelable.VersionedParcel)
android.support.v4.graphics.drawable.IconCompatParcelizer
io.flutter.embedding.engine.FlutterOverlaySurface: android.view.Surface surface
io.flutter.embedding.engine.FlutterJNI: void prefetchDefaultFontManager()
io.flutter.plugin.editing.ImeSyncDeferringInsetsCallback: boolean animating
io.flutter.embedding.engine.FlutterJNI: android.os.Looper mainLooper
io.flutter.embedding.engine.FlutterJNI: boolean nativeFlutterTextUtilsIsEmoji(int)
io.flutter.embedding.engine.mutatorsstack.FlutterMutatorsStack
io.flutter.embedding.engine.FlutterJNI: void onPreEngineRestart()
io.flutter.embedding.engine.FlutterJNI: io.flutter.embedding.engine.dart.PlatformMessageHandler platformMessageHandler
androidx.core.app.RemoteActionCompatParcelizer: void write(androidx.core.app.RemoteActionCompat,androidx.versionedparcelable.VersionedParcel)
io.flutter.embedding.engine.mutatorsstack.FlutterMutatorsStack: void pushClipRect(int,int,int,int)
io.flutter.view.FlutterCallbackInformation: java.lang.String callbackLibraryPath
io.flutter.embedding.engine.FlutterJNI: void setAccessibilityDelegate(io.flutter.embedding.engine.FlutterJNI$AccessibilityDelegate)
io.flutter.embedding.engine.systemchannels.PlatformChannel$DeviceOrientation: io.flutter.embedding.engine.systemchannels.PlatformChannel$DeviceOrientation valueOf(java.lang.String)
android.support.v4.graphics.drawable.IconCompatParcelizer: androidx.core.graphics.drawable.IconCompat read(androidx.versionedparcelable.VersionedParcel)
io.flutter.plugin.editing.ImeSyncDeferringInsetsCallback: boolean access$302(io.flutter.plugin.editing.ImeSyncDeferringInsetsCallback,boolean)
io.flutter.embedding.engine.FlutterJNI: io.flutter.embedding.engine.FlutterJNI$AsyncWaitForVsyncDelegate asyncWaitForVsyncDelegate
io.flutter.embedding.engine.FlutterJNI: void handlePlatformMessage(java.lang.String,byte[],int)
androidx.lifecycle.Lifecycle$State: androidx.lifecycle.Lifecycle$State[] values()
androidx.activity.ComponentActivity$3
io.flutter.embedding.engine.mutatorsstack.FlutterMutatorsStack: void pushTransform(float[])
io.flutter.plugin.editing.ImeSyncDeferringInsetsCallback: android.view.WindowInsets access$400(io.flutter.plugin.editing.ImeSyncDeferringInsetsCallback)
android.support.v4.app.RemoteActionCompatParcelizer
io.flutter.embedding.android.TransparencyMode: io.flutter.embedding.android.TransparencyMode[] values()
io.flutter.embedding.engine.systemchannels.PlatformChannel$DeviceOrientation: io.flutter.embedding.engine.systemchannels.PlatformChannel$DeviceOrientation[] values()
androidx.activity.ImmLeaksCleaner
io.flutter.embedding.engine.FlutterJNI: boolean loadLibraryCalled
io.flutter.view.AccessibilityViewEmbedder: java.util.Map originToFlutterId
io.flutter.embedding.engine.FlutterJNI: void nativeUnregisterTexture(long,long)
io.flutter.embedding.engine.FlutterJNI: void requestDartDeferredLibrary(int)
io.flutter.embedding.android.FlutterSplashView$SavedState: java.lang.String access$600(io.flutter.embedding.android.FlutterSplashView$SavedState)
io.flutter.embedding.engine.FlutterJNI: void updateSemantics(java.nio.ByteBuffer,java.lang.String[])