build/app/outputs/mapping/release/mapping.txt
# compiler: R8
# compiler_version: 2.1.62
# min_api: 16
# pg_map_id: fd50d5e
# common_typos_disable
...
io.flutter.embedding.android.AndroidKeyProcessor -> io.flutter.embedding.android.a:
    io.flutter.embedding.engine.systemchannels.KeyEventChannel keyEventChannel -> a
    int combiningCharacter -> b
    io.flutter.embedding.android.AndroidKeyProcessor$EventResponder eventResponder -> c
    java.lang.Character applyCombiningCharacterToBaseCharacter(int) -> a
    void destroy() -> b
    boolean isPendingEvent(android.view.KeyEvent) -> c
    boolean onKeyEvent(android.view.KeyEvent) -> d
io.flutter.embedding.android.AndroidKeyProcessor$EventResponder -> io.flutter.embedding.android.a$a:
    java.util.Deque pendingEvents -> a
    android.view.View view -> b
    io.flutter.plugin.editing.TextInputPlugin textInputPlugin -> c
    void onKeyEventNotHandled(android.view.KeyEvent) -> a
    void onKeyEventHandled(android.view.KeyEvent) -> b
    void access$000(io.flutter.embedding.android.AndroidKeyProcessor$EventResponder,android.view.KeyEvent) -> c
    android.view.KeyEvent access$100(io.flutter.embedding.android.AndroidKeyProcessor$EventResponder,android.view.KeyEvent) -> d
    void addEvent(android.view.KeyEvent) -> e
    android.view.KeyEvent findPendingEvent(android.view.KeyEvent) -> f
    void redispatchKeyEvent(android.view.KeyEvent) -> g
    void removePendingEvent(android.view.KeyEvent) -> h
io.flutter.embedding.android.AndroidTouchProcessor -> io.flutter.embedding.android.b:
    io.flutter.embedding.android.MotionEventTracker motionEventTracker -> b
    io.flutter.embedding.engine.renderer.FlutterRenderer renderer -> a
    android.graphics.Matrix IDENTITY_TRANSFORM -> d
    boolean trackMotionEvents -> c
    void addPointerForIndex(android.view.MotionEvent,int,int,int,android.graphics.Matrix,java.nio.ByteBuffer) -> a
    int getPointerChangeForAction(int) -> b
    int getPointerDeviceTypeForToolType(int) -> c
    boolean onGenericMotionEvent(android.view.MotionEvent) -> d
    boolean onTouchEvent(android.view.MotionEvent) -> e
    boolean onTouchEvent(android.view.MotionEvent,android.graphics.Matrix) -> f
io.flutter.embedding.android.DrawableSplashScreen -> io.flutter.embedding.android.c:
    android.widget.ImageView$ScaleType scaleType -> b
    io.flutter.embedding.android.DrawableSplashScreen$DrawableSplashScreenView splashView -> d
    long crossfadeDurationInMillis -> c
    android.graphics.drawable.Drawable drawable -> a
    void transitionToFlutter(java.lang.Runnable) -> a
    boolean doesSplashViewRememberItsTransition() -> b
    android.view.View createSplashView(android.content.Context,android.os.Bundle) -> c
    android.os.Bundle saveSplashScreenState() -> d
io.flutter.embedding.android.DrawableSplashScreen$1 -> io.flutter.embedding.android.c$a:
    java.lang.Runnable val$onTransitionComplete -> a
io.flutter.embedding.android.DrawableSplashScreen$DrawableSplashScreenView -> io.flutter.embedding.android.c$b:
    void setSplashDrawable(android.graphics.drawable.Drawable,android.widget.ImageView$ScaleType) -> a
io.flutter.embedding.android.ExclusiveAppComponent -> io.flutter.embedding.android.d:
    void detachFromFlutterEngine() -> a
    java.lang.Object getAppComponent() -> b