build/app/outputs/mapping/release/usage.txt
com.google.common.escape.ArrayBasedCharEscaper
androidx.activity.OnBackPressedDispatcher:
    public void <init>()
    public void <init>(java.lang.Runnable)
    public void addCallback(androidx.activity.OnBackPressedCallback)
    public void addCallback(androidx.lifecycle.LifecycleOwner,androidx.activity.OnBackPressedCallback)
    public boolean hasEnabledCallbacks()
    private final java.lang.Runnable mFallbackOnBackPressed
    final java.util.ArrayDeque mOnBackPressedCallbacks
com.google.common.eventbus.Dispatcher$LegacyAsyncDispatcher
com.google.common.graph.MutableNetwork
com.google.common.graph.MapIteratorCache$1$1
com.google.common.hash.AbstractNonStreamingHashFunction
androidx.annotation.IntDef
kotlin.ranges.URangesKt
androidx.core.os.CancellationSignal$OnCancelListener
com.google.common.collect.Sets$SetView
com.google.common.math.MathPreconditions
kotlin.ranges.LongRange
com.google.common.collect.AbstractMapBasedMultimap$1
com.google.common.collect.MultimapBuilder$SetMultimapBuilder
kotlin.annotation.AnnotationRetention
io.flutter.plugins.pathprovider.R$id
androidx.core.view.KeyEventDispatcher
kotlin.collections.MapsKt
io.flutter.BuildConfig
androidx.core.content.res.TypedArrayUtils
javax.annotation.Nonnull$Checker
com.google.common.hash.SipHashFunction$SipHasher
kotlin.NumbersKt__BigDecimalsKt
com.google.common.collect.ImmutableMultimap$Keys
kotlin.UInt$Companion
com.google.common.collect.ArrayTable$3
com.google.common.graph.Graphs$TransposedGraph
kotlin.jvm.functions.Function3
com.google.common.graph.UndirectedMultiNetworkConnections
androidx.fragment.app.FragmentTransitionImpl$2
com.example.flutterando_class.R$id
com.google.common.collect.MinMaxPriorityQueue$1
com.google.common.base.Converter$1
com.google.thirdparty.publicsuffix.PublicSuffixType
com.google.common.hash.LittleEndianByteArray$UnsafeByteArray$3
com.google.common.collect.AbstractMapBasedMultimap$NavigableKeySet
com.google.common.cache.LocalCache$StrongEntry
com.google.common.collect.MapMakerInternalMap$WeakKeyWeakValueEntry
androidx.core.content.pm.ShortcutManagerCompat
io.flutter.embedding.engine.systemchannels.KeyEventChannel$FlutterKeyEvent:
    public void <init>(android.view.KeyEvent)
androidx.fragment.app.FragmentManagerImpl$OpGenerator
com.google.common.escape.Escapers$1
com.google.common.collect.Interners$InternerBuilder
com.google.common.base.Predicates
com.google.common.reflect.ClassPath$Scanner
androidx.core.widget.ScrollerCompat
androidx.core.provider.FontsContractCompat$4$7
com.google.common.util.concurrent.WrappingScheduledExecutorService
kotlin.text.MatchResult$Destructured
com.google.common.cache.ForwardingLoadingCache
androidx.core.view.TintableBackgroundView
androidx.core.app.ActivityCompat$RequestPermissionsRequestCodeValidator
com.google.common.collect.ForwardingCollection
com.google.common.util.concurrent.CycleDetectingLockFactory$CycleDetectingReentrantLock
com.google.common.base.Functions$FunctionForMapNoDefault
com.google.common.eventbus.package-info
com.google.common.collect.MapMakerInternalMap$StrongKeyWeakValueEntry$Helper
com.google.common.cache.LocalCache$AccessQueue$2
com.google.common.hash.HashingOutputStream
androidx.customview.widget.FocusStrategy$SequentialComparator
androidx.core.view.accessibility.AccessibilityNodeProviderCompat$AccessibilityNodeProviderApi19
com.google.common.collect.HashBiMap$EntryForValue
kotlin.collections.CollectionsKt___CollectionsKt$elementAt$1
androidx.viewpager.widget.PagerAdapter
com.google.common.reflect.TypeToken$TypeCollector$3
com.google.common.hash.Hashing$ChecksumType$1
com.google.common.collect.AbstractTable$1
javax.annotation.OverridingMethodsMustInvokeSuper
kotlin.collections.ArrayAsCollection
com.google.common.collect.Multimaps$Keys$1$1
androidx.fragment.app.FragmentManagerImpl$3$1
androidx.core.provider.FontsContractCompat$1
kotlin.properties.Delegates$vetoable$1
com.google.common.primitives.Ints$IntConverter
com.google.common.collect.ForwardingListMultimap